[debug] [2022-01-24T16:50:14.901Z] ----------------------------------------------------------------------
[debug] [2022-01-24T16:50:14.903Z] Command:       L:\NodeJS\node.exe L:\KnowledgeHut\ShopPlusPlus Capstone\shopplusplus\node_modules\firebase-tools\lib\bin\firebase.js functions:shell
[debug] [2022-01-24T16:50:14.903Z] CLI Version:   10.1.1
[debug] [2022-01-24T16:50:14.903Z] Platform:      win32
[debug] [2022-01-24T16:50:14.904Z] Node Version:  v16.13.0
[debug] [2022-01-24T16:50:14.904Z] Time:          Mon Jan 24 2022 11:50:14 GMT-0500 (Eastern Standard Time)
[debug] [2022-01-24T16:50:14.905Z] ----------------------------------------------------------------------
[debug] 
[debug] [2022-01-24T16:50:15.020Z] > command requires scopes: ["email","openid","https://www.googleapis.com/auth/cloudplatformprojects.readonly","https://www.googleapis.com/auth/firebase","https://www.googleapis.com/auth/cloud-platform"]
[debug] [2022-01-24T16:50:15.020Z] > authorizing via signed-in user (mike.crifo@gmail.com)
[debug] [2022-01-24T16:50:15.020Z] [iam] checking project shopplusplus-2f91d for permissions ["firebase.projects.get"]
[debug] [2022-01-24T16:50:15.023Z] > refreshing access token with scopes: ["email","https://www.googleapis.com/auth/cloud-platform","https://www.googleapis.com/auth/cloudplatformprojects.readonly","https://www.googleapis.com/auth/firebase","openid"]
[debug] [2022-01-24T16:50:15.023Z] >>> HTTP REQUEST POST https://www.googleapis.com/oauth2/v3/token  
 <request body omitted>
[debug] [2022-01-24T16:50:15.167Z] <<< HTTP RESPONSE 200 {"pragma":"no-cache","expires":"Mon, 01 Jan 1990 00:00:00 GMT","date":"Mon, 24 Jan 2022 16:50:15 GMT","cache-control":"no-cache, no-store, max-age=0, must-revalidate","content-type":"application/json; charset=utf-8","vary":"X-Origin, Referer, Origin,Accept-Encoding","server":"scaffolding on HTTPServer2","x-xss-protection":"0","x-frame-options":"SAMEORIGIN","x-content-type-options":"nosniff","alt-svc":"h3=\":443\"; ma=2592000,h3-29=\":443\"; ma=2592000,h3-Q050=\":443\"; ma=2592000,h3-Q046=\":443\"; ma=2592000,h3-Q043=\":443\"; ma=2592000,quic=\":443\"; ma=2592000; v=\"46,43\"","accept-ranges":"none","transfer-encoding":"chunked"}
[debug] [2022-01-24T16:50:15.187Z] >>> HTTP REQUEST POST https://cloudresourcemanager.googleapis.com/v1/projects/shopplusplus-2f91d:testIamPermissions  
 {"permissions":["firebase.projects.get"]}
[debug] [2022-01-24T16:50:15.412Z] <<< HTTP RESPONSE 200 {"content-type":"application/json; charset=UTF-8","vary":"X-Origin, Referer, Origin,Accept-Encoding","date":"Mon, 24 Jan 2022 16:50:15 GMT","server":"ESF","cache-control":"private","x-xss-protection":"0","x-frame-options":"SAMEORIGIN","x-content-type-options":"nosniff","server-timing":"gfet4t7; dur=126","alt-svc":"h3=\":443\"; ma=2592000,h3-29=\":443\"; ma=2592000,h3-Q050=\":443\"; ma=2592000,h3-Q046=\":443\"; ma=2592000,h3-Q043=\":443\"; ma=2592000,quic=\":443\"; ma=2592000; v=\"46,43\"","accept-ranges":"none","transfer-encoding":"chunked"}
[debug] [2022-01-24T16:50:15.432Z] [functions] Using node@16 from host.
[warn] !  Your requested "node" version "16" doesn't match your global version "16" {"metadata":{"emulator":{"name":"functions"},"message":"Your requested \"node\" version \"16\" doesn't match your global version \"16\""}}
[debug] [2022-01-24T16:50:15.433Z] defaultcredentials: writing to file C:\Users\mikec\AppData\Roaming\firebase\mike_crifo_gmail.com_application_default_credentials.json
[debug] [2022-01-24T16:50:15.435Z] DEBUG: Setting GAC to C:\Users\mikec\AppData\Roaming\firebase\mike_crifo_gmail.com_application_default_credentials.json
[debug] [2022-01-24T16:50:15.436Z] > refreshing access token with scopes: []
[debug] [2022-01-24T16:50:15.436Z] >>> HTTP REQUEST POST https://www.googleapis.com/oauth2/v3/token  
 <request body omitted>
[debug] [2022-01-24T16:50:15.540Z] <<< HTTP RESPONSE 200 {"expires":"Mon, 01 Jan 1990 00:00:00 GMT","date":"Mon, 24 Jan 2022 16:50:15 GMT","pragma":"no-cache","cache-control":"no-cache, no-store, max-age=0, must-revalidate","content-type":"application/json; charset=utf-8","vary":"X-Origin, Referer, Origin,Accept-Encoding","server":"scaffolding on HTTPServer2","x-xss-protection":"0","x-frame-options":"SAMEORIGIN","x-content-type-options":"nosniff","alt-svc":"h3=\":443\"; ma=2592000,h3-29=\":443\"; ma=2592000,h3-Q050=\":443\"; ma=2592000,h3-Q046=\":443\"; ma=2592000,h3-Q043=\":443\"; ma=2592000,quic=\":443\"; ma=2592000; v=\"46,43\"","accept-ranges":"none","transfer-encoding":"chunked"}
[debug] [2022-01-24T16:50:15.551Z] >>> [apiv2][query] GET https://firebase.googleapis.com/v1beta1/projects/shopplusplus-2f91d/adminSdkConfig [none]
[debug] [2022-01-24T16:50:15.882Z] <<< [apiv2][status] GET https://firebase.googleapis.com/v1beta1/projects/shopplusplus-2f91d/adminSdkConfig 200
[debug] [2022-01-24T16:50:15.882Z] <<< [apiv2][body] GET https://firebase.googleapis.com/v1beta1/projects/shopplusplus-2f91d/adminSdkConfig {"projectId":"shopplusplus-2f91d","databaseURL":"https://shopplusplus-2f91d-default-rtdb.firebaseio.com","storageBucket":"shopplusplus-2f91d.appspot.com","locationId":"us-east1"}
[debug] [2022-01-24T16:50:15.891Z] [functions] Watching "L:\KnowledgeHut\ShopPlusPlus Capstone\shopplusplus\functions" for Cloud Functions...
[debug] [2022-01-24T16:50:15.901Z] DEBUG: [worker-pool] addWorker(~diagnostic~)
[debug] [2022-01-24T16:50:15.901Z] DEBUG: [worker-pool] Adding worker with key ~diagnostic~, total=1
[debug] [2022-01-24T16:50:15.901Z] DEBUG: [worker-pool] submitWork(triggerId=)
[debug] [2022-01-24T16:50:15.901Z] DEBUG: [worker-~diagnostic~-ded225ef-8aa7-437b-957f-377543f17078]: Assigning socketPath: \\?\pipe\L:\KnowledgeHut\ShopPlusPlus Capstone\shopplusplus\functions\22708
[debug] [2022-01-24T16:50:15.902Z] DEBUG: [worker-~diagnostic~-ded225ef-8aa7-437b-957f-377543f17078]: BUSY
[debug] [2022-01-24T16:50:16.073Z] DEBUG: [runtime-status] [22708] Functions runtime initialized. {"cwd":"L:\\KnowledgeHut\\ShopPlusPlus Capstone\\shopplusplus\\functions","node_version":"16.13.0"}
[debug] [2022-01-24T16:50:16.074Z] DEBUG: [runtime-status] [22708] Disabled runtime features: undefined
[debug] [2022-01-24T16:50:16.076Z] DEBUG: [runtime-status] [22708] Resolved module firebase-admin {"declared":true,"installed":true,"version":"9.12.0","resolution":"L:\\KnowledgeHut\\ShopPlusPlus Capstone\\shopplusplus\\functions\\node_modules\\firebase-admin\\lib\\index.js"}
[debug] [2022-01-24T16:50:16.078Z] DEBUG: [runtime-status] [22708] Resolved module firebase-functions {"declared":true,"installed":true,"version":"3.16.0","resolution":"L:\\KnowledgeHut\\ShopPlusPlus Capstone\\shopplusplus\\functions\\node_modules\\firebase-functions\\lib\\index.js"}
[debug] [2022-01-24T16:50:16.080Z] DEBUG: [runtime-status] [22708] Outgoing network have been stubbed. [{"name":"http","status":"mocked"},{"name":"http","status":"mocked"},{"name":"https","status":"mocked"},{"name":"https","status":"mocked"},{"name":"net","status":"mocked"}]
[debug] [2022-01-24T16:50:16.081Z] DEBUG: [runtime-status] [22708] Resolved module firebase-functions {"declared":true,"installed":true,"version":"3.16.0","resolution":"L:\\KnowledgeHut\\ShopPlusPlus Capstone\\shopplusplus\\functions\\node_modules\\firebase-functions\\lib\\index.js"}
[debug] [2022-01-24T16:50:16.316Z] DEBUG: [runtime-status] [22708] Checked functions.config() {"config":{}}
[debug] [2022-01-24T16:50:16.316Z] DEBUG: [runtime-status] [22708] firebase-functions has been stubbed. {"functionsResolution":{"declared":true,"installed":true,"version":"3.16.0","resolution":"L:\\KnowledgeHut\\ShopPlusPlus Capstone\\shopplusplus\\functions\\node_modules\\firebase-functions\\lib\\index.js"}}
[debug] [2022-01-24T16:50:16.317Z] DEBUG: [runtime-status] [22708] Resolved module firebase-functions {"declared":true,"installed":true,"version":"3.16.0","resolution":"L:\\KnowledgeHut\\ShopPlusPlus Capstone\\shopplusplus\\functions\\node_modules\\firebase-functions\\lib\\index.js"}
[debug] [2022-01-24T16:50:16.318Z] DEBUG: [runtime-status] [22708] Resolved module firebase-admin {"declared":true,"installed":true,"version":"9.12.0","resolution":"L:\\KnowledgeHut\\ShopPlusPlus Capstone\\shopplusplus\\functions\\node_modules\\firebase-admin\\lib\\index.js"}
[debug] [2022-01-24T16:50:16.319Z] DEBUG: [runtime-status] [22708] Resolved module firebase-functions {"declared":true,"installed":true,"version":"3.16.0","resolution":"L:\\KnowledgeHut\\ShopPlusPlus Capstone\\shopplusplus\\functions\\node_modules\\firebase-functions\\lib\\index.js"}
[debug] [2022-01-24T16:50:16.319Z] DEBUG: [runtime-status] [22708] firebase-admin has been stubbed. {"adminResolution":{"declared":true,"installed":true,"version":"9.12.0","resolution":"L:\\KnowledgeHut\\ShopPlusPlus Capstone\\shopplusplus\\functions\\node_modules\\firebase-admin\\lib\\index.js"}}
[debug] [2022-01-24T16:50:17.512Z] [functions[us-central1-api]] http function initialized (http://localhost:5000/shopplusplus-2f91d/us-central1/api).
[info] i  functions: Loaded functions: api 
[warn] !  functions: The following emulators are not running, calls to these services will affect production: firestore, database, pubsub, storage 
[debug] [2022-01-24T16:50:17.521Z] DEBUG: [worker-~diagnostic~-ded225ef-8aa7-437b-957f-377543f17078]: IDLE
[debug] [2022-01-24T16:52:47.435Z] DEBUG: File L:\KnowledgeHut\ShopPlusPlus Capstone\shopplusplus\functions\index.js changed, reloading triggers
[debug] [2022-01-24T16:52:48.447Z] DEBUG: [worker-pool] Shutting down IDLE worker (~diagnostic~)
[debug] [2022-01-24T16:52:48.448Z] DEBUG: [worker-~diagnostic~-ded225ef-8aa7-437b-957f-377543f17078]: FINISHING
[debug] [2022-01-24T16:52:48.454Z] DEBUG: [worker-pool] addWorker(~diagnostic~)
[debug] [2022-01-24T16:52:48.454Z] DEBUG: [worker-pool] Adding worker with key ~diagnostic~, total=2
[debug] [2022-01-24T16:52:48.454Z] DEBUG: [worker-pool] submitWork(triggerId=)
[debug] [2022-01-24T16:52:48.454Z] DEBUG: [worker-~diagnostic~-33a03a3c-2368-461c-8a6a-54d4a5f91eaf]: Assigning socketPath: \\?\pipe\L:\KnowledgeHut\ShopPlusPlus Capstone\shopplusplus\functions\11284
[debug] [2022-01-24T16:52:48.454Z] DEBUG: [worker-~diagnostic~-33a03a3c-2368-461c-8a6a-54d4a5f91eaf]: BUSY
[debug] [2022-01-24T16:52:48.455Z] DEBUG: [worker-~diagnostic~-ded225ef-8aa7-437b-957f-377543f17078]: exited
[debug] [2022-01-24T16:52:48.455Z] DEBUG: [worker-~diagnostic~-ded225ef-8aa7-437b-957f-377543f17078]: FINISHED
[debug] [2022-01-24T16:52:48.615Z] DEBUG: [runtime-status] [11284] Functions runtime initialized. {"cwd":"L:\\KnowledgeHut\\ShopPlusPlus Capstone\\shopplusplus\\functions","node_version":"16.13.0"}
[debug] [2022-01-24T16:52:48.615Z] DEBUG: [runtime-status] [11284] Disabled runtime features: undefined
[debug] [2022-01-24T16:52:48.618Z] DEBUG: [runtime-status] [11284] Resolved module firebase-admin {"declared":true,"installed":true,"version":"9.12.0","resolution":"L:\\KnowledgeHut\\ShopPlusPlus Capstone\\shopplusplus\\functions\\node_modules\\firebase-admin\\lib\\index.js"}
[debug] [2022-01-24T16:52:48.621Z] DEBUG: [runtime-status] [11284] Resolved module firebase-functions {"declared":true,"installed":true,"version":"3.16.0","resolution":"L:\\KnowledgeHut\\ShopPlusPlus Capstone\\shopplusplus\\functions\\node_modules\\firebase-functions\\lib\\index.js"}
[debug] [2022-01-24T16:52:48.622Z] DEBUG: [runtime-status] [11284] Outgoing network have been stubbed. [{"name":"http","status":"mocked"},{"name":"http","status":"mocked"},{"name":"https","status":"mocked"},{"name":"https","status":"mocked"},{"name":"net","status":"mocked"}]
[debug] [2022-01-24T16:52:48.623Z] DEBUG: [runtime-status] [11284] Resolved module firebase-functions {"declared":true,"installed":true,"version":"3.16.0","resolution":"L:\\KnowledgeHut\\ShopPlusPlus Capstone\\shopplusplus\\functions\\node_modules\\firebase-functions\\lib\\index.js"}
[debug] [2022-01-24T16:52:48.665Z] DEBUG: [runtime-status] [11284] Checked functions.config() {"config":{}}
[debug] [2022-01-24T16:52:48.666Z] DEBUG: [runtime-status] [11284] firebase-functions has been stubbed. {"functionsResolution":{"declared":true,"installed":true,"version":"3.16.0","resolution":"L:\\KnowledgeHut\\ShopPlusPlus Capstone\\shopplusplus\\functions\\node_modules\\firebase-functions\\lib\\index.js"}}
[debug] [2022-01-24T16:52:48.666Z] DEBUG: [runtime-status] [11284] Resolved module firebase-functions {"declared":true,"installed":true,"version":"3.16.0","resolution":"L:\\KnowledgeHut\\ShopPlusPlus Capstone\\shopplusplus\\functions\\node_modules\\firebase-functions\\lib\\index.js"}
[debug] [2022-01-24T16:52:48.667Z] DEBUG: [runtime-status] [11284] Resolved module firebase-admin {"declared":true,"installed":true,"version":"9.12.0","resolution":"L:\\KnowledgeHut\\ShopPlusPlus Capstone\\shopplusplus\\functions\\node_modules\\firebase-admin\\lib\\index.js"}
[debug] [2022-01-24T16:52:48.668Z] DEBUG: [runtime-status] [11284] Resolved module firebase-functions {"declared":true,"installed":true,"version":"3.16.0","resolution":"L:\\KnowledgeHut\\ShopPlusPlus Capstone\\shopplusplus\\functions\\node_modules\\firebase-functions\\lib\\index.js"}
[debug] [2022-01-24T16:52:48.668Z] DEBUG: [runtime-status] [11284] firebase-admin has been stubbed. {"adminResolution":{"declared":true,"installed":true,"version":"9.12.0","resolution":"L:\\KnowledgeHut\\ShopPlusPlus Capstone\\shopplusplus\\functions\\node_modules\\firebase-admin\\lib\\index.js"}}
[debug] [2022-01-24T16:52:48.792Z] DEBUG: [worker-~diagnostic~-33a03a3c-2368-461c-8a6a-54d4a5f91eaf]: IDLE
